Name: SortGraphQL Plugin
Description: A Maven plugin that sorts GraphQL Schemas
Group Id: com.github.ekryd.sortgraphql
Artifact Id: sortgraphql-maven-plugin
Version: @pom.version@
Goal Prefix: sortgraphql

This plugin has 2 goals:

sortgraphql:help
  Description: Display help information on sortgraphql-maven-plugin.
    Call mvn sortgraphql:help -Ddetail=true -Dgoal=<goal-name> to display
    parameter details.
  Implementation: sortgraphql.HelpMojo
  Language: java

  Available parameters:

    detail (Default: false)
      User property: detail
      If true, display all settable properties for each goal.

    goal
      User property: goal
      The name of the goal for which to show help. If unspecified, all goals
      will be displayed.

    indentSize (Default: 2)
      User property: indentSize
      The number of spaces per indentation level, should be positive.

    lineLength (Default: 80)
      User property: lineLength
      The maximum length of a display line, should be positive.

sortgraphql:sort
  Description: Sorts a GraphQL Schema definition file.
  Implementation: sortgraphql.SortMojo
  Language: java
  Bound to phase: validate

  Available parameters:

    backupFileExtension (Default: .bak)
      User property: sortgraphql.backupFileExtension
      Name of the file extension for the backup file.

    createBackupFile (Default: true)
      User property: sortgraphql.createBackupFile
      Should a backup copy be created for the sorted schema.

    encoding (Default: UTF-8)
      User property: sortgraphql.encoding
      Encoding for the files.

    generateHashDescriptions (Default: false)
      User property: sortgraphql.generateHashDescriptions
      Use hash sign for descriptions, instead of keeping string literals (with
      quote character), when generating the sorted schema file.

    generateSchemaDefinition (Default: false)
      User property: sortgraphql.generateSchemaDefinition
      Generate the 'schema' definition element at the top of the schema, when
      generating the sorted schema file.

    individualSchemas (Default: false)
      User property: sortgraphql.individualSchemas
      By default, if multiple schema files are specified in schema files, then
      those schemas will be merged together during validation. This flag
      specifies that each schema should be validated individually.

    schemaFile (Default: src/main/resources/schema.graphqls)
      User property: sortgraphql.schemaFile
      Location of the graphql schema file that should be sorted. If multiple,
      use schemaFiles.

    schemaFiles
      User property: sortgraphql.schemaFiles
      Location of multiple graphql schema file that should be sorted. Overrides
      parameter schemaFile. The schema files can reference each other, but
      shared definitions are not allowed.

    skip (Default: false)
      User property: sortgraphql.skip
      Set this to 'true' to bypass SortGraphQL plugin

    skipFieldArgumentSorting (Default: false)
      User property: sortgraphql.skipFieldArgumentSorting
      Skip sorting the arguments for a field in a type.

    skipUnionTypeSorting (Default: false)
      User property: sortgraphql.skipUnionTypeSorting
      Skip sorting the types in a union.


[INFO] ------------------------------------------------------------------------
[INFO] BUILD SUCCESS
[INFO] ------------------------------------------------------------------------
